--- Copying files at Thu Aug 21 06:49:39 UTC 2025
INSTALLED init.groovy.d/basic-security.groovy
INSTALLED plugins/workflow-job.jpi : 1540.v295eccc9778f
INSTALLED plugins/workflow-cps.jpi : 4183.v94b_6fd39da_c1
INSTALLED plugins/pipeline-input-step.jpi : 534.v352f0a_e98918
INSTALLED plugins/github.jpi : 1.44.0
INSTALLED plugins/workflow-multibranch.jpi : 811.vcd33d074c2a_0
INSTALLED plugins/pipeline-rest-api.jpi : 2.38
INSTALLED plugins/echarts-api.jpi : 6.0.0-1137.vfd5f348e1952
INSTALLED plugins/scm-api.jpi : 707.v749f968369d4
INSTALLED plugins/script-security.jpi : 1378.vf25626395f49
INSTALLED plugins/ionicons-api.jpi : 94.vcc3065403257
INSTALLED plugins/pipeline-stage-tags-metadata.jpi : 2.2265.v140e610fe9d5
INSTALLED plugins/blueocean-pipeline-editor.jpi : 1.27.21
INSTALLED plugins/configuration-as-code.jpi : 1985.vdda_32d0c4ea_b_
INSTALLED plugins/javax-activation-api.jpi : 1.2.0-8
INSTALLED plugins/caffeine-api.jpi : 3.2.2-178.v353b_8428ed56
INSTALLED plugins/blueocean-dashboard.jpi : 1.27.21
INSTALLED plugins/blueocean-i18n.jpi : 1.27.21
INSTALLED plugins/instance-identity.jpi : 203.v15e81a_1b_7a_38
INSTALLED plugins/pipeline-build-step.jpi : 571.v08a_fffd4b_0ce
INSTALLED plugins/jaxb.jpi : 2.3.9-133.vb_ec76a_73f706
INSTALLED plugins/htmlpublisher.jpi : 427
INSTALLED plugins/favorite.jpi : 2.237.v79163ca_8b_892
INSTALLED plugins/pipeline-model-definition.jpi : 2.2265.v140e610fe9d5
INSTALLED plugins/blueocean-jwt.jpi : 1.27.21
INSTALLED plugins/jakarta-mail-api.jpi : 2.1.3-3
INSTALLED plugins/git.jpi : 5.7.0
INSTALLED plugins/snakeyaml-api.jpi : 2.3-125.v4d77857a_b_402
INSTALLED plugins/font-awesome-api.jpi : 7.0.0-840.vd6c7a_a_a_a_88e1
INSTALLED plugins/blueocean-bitbucket-pipeline.jpi : 1.27.21
INSTALLED plugins/apache-httpcomponents-client-5-api.jpi : 5.5-157.vb_43ef2f6845e
INSTALLED plugins/credentials.jpi : 1419.v2337d1ceceef
INSTALLED plugins/cloudbees-bitbucket-branch-source.jpi : 936.4.4
INSTALLED plugins/blueocean.jpi : 1.27.21
INSTALLED plugins/mina-sshd-api-core.jpi : 2.15.0-161.vb_200831a_c15b_
INSTALLED plugins/handy-uri-templates-2-api.jpi : 2.1.8-36.v85e4cb_234a_13
INSTALLED plugins/sse-gateway.jpi : 1.28
INSTALLED plugins/plain-credentials.jpi : 199.v9f8e1f741799
INSTALLED plugins/mina-sshd-api-common.jpi : 2.15.0-161.vb_200831a_c15b_
INSTALLED plugins/display-url-api.jpi : 2.217.va_6b_de84cc74b_
INSTALLED plugins/pipeline-milestone-step.jpi : 138.v78ca_76831a_43
INSTALLED plugins/jjwt-api.jpi : 0.11.5-120.v0268cf544b_89
INSTALLED plugins/joda-time-api.jpi : 2.14.0-149.v1c3ce991d1b_9
INSTALLED plugins/blueocean-events.jpi : 1.27.21
INSTALLED plugins/branch-api.jpi : 2.1244.vf95c81f1641c
INSTALLED plugins/pipeline-groovy-lib.jpi : 752.vdddedf804e72
INSTALLED plugins/jdk-tool.jpi : 83.v417146707a_3d
INSTALLED plugins/github-branch-source.jpi : 1834.v857721ea_74c6
INSTALLED plugins/blueocean-git-pipeline.jpi : 1.27.21
INSTALLED plugins/blueocean-pipeline-api-impl.jpi : 1.27.21
INSTALLED plugins/workflow-support.jpi : 976.vb_d9493c2eb_09
INSTALLED plugins/workflow-step-api.jpi : 706.v518c5dcb_24c0
INSTALLED plugins/data-tables-api.jpi : 2.3.2-1369.v417fcd327805
INSTALLED plugins/blueocean-pipeline-scm-api.jpi : 1.27.21
INSTALLED plugins/pipeline-model-api.jpi : 2.2265.v140e610fe9d5
INSTALLED plugins/git-client.jpi : 6.3.1
INSTALLED plugins/commons-lang3-api.jpi : 3.18.0-98.v3a_674c06072d
INSTALLED plugins/json-api.jpi : 20250517-163.v1c5da_e99c775
INSTALLED plugins/junit.jpi : 1335.v6b_a_a_e18534e1
INSTALLED plugins/bouncycastle-api.jpi : 2.30.1.81-264.v95c79c0e772c
INSTALLED plugins/authentication-tokens.jpi : 1.144.v5ff4a_5ec5c33
INSTALLED plugins/blueocean-commons.jpi : 1.27.21
INSTALLED plugins/blueocean-rest.jpi : 1.27.21
INSTALLED plugins/pipeline-stage-view.jpi : 2.38
INSTALLED plugins/cloudbees-folder.jpi : 6.1037.v4cb_8573b_72a_a_
INSTALLED plugins/pubsub-light.jpi : 1.19
INSTALLED plugins/json-path-api.jpi : 2.9.0-178.vca_b_c71881321
INSTALLED plugins/pipeline-model-extensions.jpi : 2.2265.v140e610fe9d5
INSTALLED plugins/workflow-basic-steps.jpi : 1079.vce64b_a_929c5a_
INSTALLED plugins/ssh-credentials.jpi : 361.vb_f6760818e8c
INSTALLED plugins/blueocean-rest-impl.jpi : 1.27.21
INSTALLED plugins/durable-task.jpi : 595.ve87b_f1318d67
INSTALLED plugins/jakarta-activation-api.jpi : 2.1.3-2
INSTALLED plugins/pipeline-stage-step.jpi : 322.vecffa_99f371c
INSTALLED plugins/jquery3-api.jpi : 3.7.1-594.vb_3864f326cf0
INSTALLED plugins/structs.jpi : 353.v261ea_40a_80fb_
INSTALLED plugins/workflow-aggregator.jpi : 608.v67378e9d3db_1
INSTALLED plugins/workflow-api.jpi : 1384.vdc05a_48f535f
INSTALLED plugins/apache-httpcomponents-client-4-api.jpi : 4.5.14-269.vfa_2321039a_83
INSTALLED plugins/blueocean-web.jpi : 1.27.21
INSTALLED plugins/workflow-durable-task-step.jpi : 1452.v0ee719c104a_7
INSTALLED plugins/prism-api.jpi : 1.30.0-600.v0b_eeeb_e43a_f9
INSTALLED plugins/commons-text-api.jpi : 1.14.0-194.v804a_dc3a_1b_d8
INSTALLED plugins/mailer.jpi : 522.va_995fa_cfb_8b_d
INSTALLED plugins/blueocean-personalization.jpi : 1.27.21
INSTALLED plugins/gradle.jpi : 2.15
INSTALLED plugins/github-api.jpi : 1.321-488.v9b_c0da_9533f8
INSTALLED plugins/jackson2-api.jpi : 2.19.2-408.v18248a_324cfe
INSTALLED plugins/okhttp-api.jpi : 4.11.0-189.v976fa_d3379d6
INSTALLED plugins/matrix-project.jpi : 856.v4c352b_3a_b_23e
INSTALLED plugins/credentials-binding.jpi : 702.vfe613e537e88
INSTALLED plugins/workflow-scm-step.jpi : 437.v05a_f66b_e5ef8
INSTALLED plugins/plugin-util-api.jpi : 6.1157.vc75ef7129d86
INSTALLED plugins/antisamy-markup-formatter.jpi : 173.v680e3a_b_69ff3
INSTALLED plugins/gson-api.jpi : 2.13.1-153.vb_3d0c48a_a_b_4a_
INSTALLED plugins/bootstrap5-api.jpi : 5.3.7-860.v1251c115c90c
INSTALLED plugins/blueocean-display-url.jpi : 2.4.4
INSTALLED plugins/asm-api.jpi : 9.8-163.vb_2a_96d3f9c3c
INSTALLED plugins/token-macro.jpi : 477.vd4f0dc3cb_cf1
INSTALLED plugins/jenkins-design-language.jpi : 1.27.21
INSTALLED plugins/lockable-resources.jpi : 1412.v3f305a_fb_a_117
INSTALLED plugins/blueocean-github-pipeline.jpi : 1.27.21
INSTALLED plugins/blueocean-core-js.jpi : 1.27.21
INSTALLED plugins/blueocean-config.jpi : 1.27.21
INSTALLED plugins/pipeline-graph-analysis.jpi : 241.vc3d48fb_b_2582
INSTALLED plugins/variant.jpi : 70.va_d9f17f859e0
INSTALLED plugins/checks-api.jpi : 373.vfe7645102093
INSTALLED plugins.txt
--- Copied files finished at Thu Aug 21 06:49:42 UTC 2025
--- Copying files at Thu Aug 21 06:49:54 UTC 2025
--- Copied files finished at Thu Aug 21 06:49:58 UTC 2025
